生成启动时间为 2014/2/12 15:47:27。
     1>项目“E:\CardGame\client\DotaClient\proj.win32\DotaClient.win32.vcxproj”在节点 2 上(Build 个目标)。
     1>ClCompile:
         C:\Program Files (x86)\Microsoft Visual Studio 11.0\VC\bin\CL.exe /c /I. /I..\Classes /IE:\CardGame\client\DotaClient\libs\cocos2dx /IE:\CardGame\client\DotaClient\libs\cocos2dx\include /IE:\CardGame\client\DotaClient\libs\cocos2dx\kazmath\include /IE:\CardGame\client\DotaClient\libs\cocos2dx\platform\win32 /IE:\CardGame\client\DotaClient\libs\cocos2dx\platform\third_party\win32 /IE:\CardGame\client\DotaClient\libs\cocos2dx\platform\third_party\win32\pthread /IE:\CardGame\client\DotaClient\libs\cocos2dx\platform\third_party\win32\OGLES /IE:\CardGame\client\DotaClient\libs\CocosDenshion\include /IE:\CardGame\client\DotaClient\libs\extensions /IE:\CardGame\client\DotaClient\libs\extensions\GUI /I..\..\..\server\Common /I..\..\..\server\Common\Packets\Base /I..\Classes\ui /I..\..\..\server\ServerCommon /I..\..\..\server\ServerCommon\Log /ZI /nologo /W3 /WX- /Od /Oy- /D WIN32 /D _WINDOWS /D STRICT /D _CRT_SECURE_NO_WARNINGS /D _SCL_SECURE_NO_WARNINGS_DEBUG /D COCOS2D_DEBUG=1 /D __WINDOWS__ /D __CLIENT__ /D _UNICODE /D UNICODE /Gm /EHsc /RTC1 /MDd /GS /fp:precise /Zc:wchar_t /Zc:forScope /Fo"Debug.win32\\" /Fd"Debug.win32\vc110.pdb" /Gd /TP /wd4267 /wd4251 /wd4244 /wd4819 /analyze- /errorReport:prompt main.cpp
         main.cpp
       Link:
         C:\Program Files (x86)\Microsoft Visual Studio 11.0\VC\bin\link.exe /ERRORREPORT:PROMPT /OUT:"..\..\..\gameres\Client\DotaClient.win32.exe" /INCREMENTAL /NOLOGO /LIBPATH:..\..\..\gameres\Client\ libcocos2d.lib opengl32.lib glew32.lib libCocosDenshion.lib libExtensions.lib libcurl_imp.lib pthreadVCE2.lib kernel32.lib user32.lib gdi32.lib winspool.lib comdlg32.lib advapi32.lib shell32.lib ole32.lib oleaut32.lib uuid.lib odbc32.lib odbccp32.lib /MANIFEST /MANIFESTUAC:"level='asInvoker' uiAccess='false'" /manifest:embed /DEBUG /PDB:"..\..\..\gameres\Client\DotaClient.win32.pdb" /SUBSYSTEM:WINDOWS /STACK:"4" /TLBID:1 /DYNAMICBASE /NXCOMPAT /IMPLIB:"..\..\..\gameres\Client\DotaClient.win32.lib" /MACHINE:X86 Debug.win32\DotaClient.res
         Debug.win32\GameUtil.obj
         Debug.win32\ItemData.obj
         Debug.win32\CGArenaAskDetailPacket.obj
         Debug.win32\CGArenaAskEnterPacket.obj
         Debug.win32\CGArenaChallengePacket.obj
         Debug.win32\GCArenaAskEnterRetPacket.obj
         Debug.win32\GCArenaChallengePrizePacket.obj
         Debug.win32\CGHeartBeatPacket.obj
         Debug.win32\CGAskChargePacket.obj
         Debug.win32\GCRetChargePacket.obj
         Debug.win32\CGAskCopySceneListPacket.obj
         Debug.win32\CGAskFightPacket.obj
         Debug.win32\GCFightInfoPacket.obj
         Debug.win32\GCRetCopySceneListPacket.obj
         Debug.win32\GCUpdateCopyScenePacket.obj
         Debug.win32\GCGameResultPacket.obj
         Debug.win32\GCTimePacket.obj
         Debug.win32\CGAskHeroListPacket.obj
         Debug.win32\CGDistribHeroBearpointPacket.obj
         Debug.win32\CGImproveHeroPacket.obj
         Debug.win32\CGRecruitHeroPacket.obj
         Debug.win32\GCHeroDeletePacket.obj
         Debug.win32\GCHeroDetailAttrPacket.obj
         Debug.win32\GCHeroPosChangePacket.obj
         Debug.win32\GCNewHeroListPacket.obj
         Debug.win32\CGAskHumanDetailAttrPacket.obj
         Debug.win32\CGChatPacket.obj
         Debug.win32\CGEquipManufacturePacket.obj
         Debug.win32\CGSetMatrixObjectPacket.obj
         Debug.win32\GCChatPacket.obj
         Debug.win32\GCRetHumanDetailAttrPacket.obj
         Debug.win32\CGAskHuoDongListPacket.obj
         Debug.win32\GCHuoDongListPacket.obj
         Debug.win32\GCHuoDongStateChangePacket.obj
         Debug.win32\CGAskItemListPacket.obj
         Debug.win32\CGDropItemPacket.obj
         Debug.win32\CGMoveItemPacket.obj
         Debug.win32\CGUseItemPacket.obj
         Debug.win32\GCItemDeletePacket.obj
         Debug.win32\GCItemInfoPacket.obj
         Debug.win32\GCItemListNotifyPacket.obj
         Debug.win32\GCItemPosChangePacket.obj
         Debug.win32\GCNewItemListPacket.obj
         Debug.win32\GCSwapItemPacket.obj
         Debug.win32\CGAskEnterScenePacket.obj
         Debug.win32\CGAskRolelistPacket.obj
         Debug.win32\CGAskUserDataPacket.obj
         Debug.win32\CGCreateRolePacket.obj
         Debug.win32\GCRetEnterScenePacket.obj
         Debug.win32\GCRetRolelistPacket.obj
         Debug.win32\GCRetUserDataReadyPacket.obj
         Debug.win32\CGMailAskOpenPacket.obj
         Debug.win32\CGMailDelAllPacket.obj
         Debug.win32\CGMailDelPacket.obj
         Debug.win32\CGMailReadAllPacket.obj
         Debug.win32\CGMailReadPacket.obj
         Debug.win32\CGMailWritePacket.obj
         Debug.win32\GCMailNotifyPacket.obj
         Debug.win32\GCMailOpenPacket.obj
         Debug.win32\CGAskMissionListPacket.obj
         Debug.win32\CGSubmitMissionPacket.obj
         Debug.win32\GCAcceptMissionPacket.obj
         Debug.win32\GCMissionListPacket.obj
         Debug.win32\GCUpdateMissionPacket.obj
         Debug.win32\CGAskAchievementPacket.obj
         Debug.win32\CGAskSkillLevelUpPacket.obj
         Debug.win32\CGBuyActionPointPacket.obj
         Debug.win32\CGBuyBearPointPacket.obj
         Debug.win32\CGBuyShopItemPacket.obj
         Debug.win32\CGEatCheesePacket.obj
         Debug.win32\CGExchangeStonePacket.obj
         Debug.win32\CGFreshGuidePacket.obj
         Debug.win32\CGGetAchievementAwardPacket.obj
         Debug.win32\CGGetGiftpackCardPacket.obj
         Debug.win32\CGRefreshCopyScenePacket.obj
         Debug.win32\CGRockHeroPacket.obj
         Debug.win32\CGSacrificePacket.obj
         Debug.win32\CGSellItemPacket.obj
         Debug.win32\GCRetAchievementPacket.obj
         Debug.win32\CGAskQuJingDataPacket.obj
         Debug.win32\CGOpenQuJingUIPacket.obj
         Debug.win32\CGQuJingHuSongPacket.obj
         Debug.win32\CGQuJingRobPacket.obj
         Debug.win32\CGQuJingSetMatrixPacket.obj
         Debug.win32\CGQuJingSpeedUpPacket.obj
         Debug.win32\CGRefreshQuJingShiZhePacket.obj
         Debug.win32\CGRefreshQuJingTangSengPacket.obj
         Debug.win32\GCOpenQuJingUIPacket.obj
         Debug.win32\GCQuJingHuSongBroadPacket.obj
         Debug.win32\GCQuJingPrizePacket.obj
         Debug.win32\GCRetQuJingDataPacket.obj
         Debug.win32\CGStairAskPacket.obj
         Debug.win32\GCStairMonsterGroupPacket.obj
         Debug.win32\GCStairPlusPacket.obj
         Debug.win32\GCStairPrizePacket.obj
         Debug.win32\GCStairRetEnterPacket.obj
         Debug.win32\CGWoodAskPacket.obj
         Debug.win32\CGWoodSetMatrixPacket.obj
         Debug.win32\GCWoodRetEnterPacket.obj
         Debug.win32\GCWoodRetRobObjPacket.obj
         Debug.win32\GCWoodRobPrizePacket.obj
         Debug.win32\XStdio.obj
         Debug.win32\ServerAssert.obj
         Debug.win32\AppDelegate.obj
         Debug.win32\md5.obj
         "Debug.win32\nine1-android.obj"
         Debug.win32\nuts.obj
         Debug.win32\Sdk_Handler.obj
         Debug.win32\sha1.obj
         Debug.win32\UtilTools.obj
         Debug.win32\xString.obj
         Debug.win32\DataBase.obj
         Debug.win32\DataBaseSystem.obj
         Debug.win32\DBFile.obj
         Debug.win32\AchievementData.obj
         Debug.win32\BattleData.obj
         Debug.win32\BattleInfo.obj
         Debug.win32\BloodData.obj
         Debug.win32\ChatData.obj
         Debug.win32\CopySceneData.obj
         Debug.win32\DataPool.obj
         Debug.win32\EquipOperator.obj
         Debug.win32\GuideData.obj
         Debug.win32\HeartBeatData.obj
         Debug.win32\HeroAltarData.obj
         Debug.win32\HeroOperator.obj
         Debug.win32\HuoDong.obj
         Debug.win32\loginData.obj
         Debug.win32\MailData.obj
         Debug.win32\QuestData.obj
         Debug.win32\QuJingData.obj
         Debug.win32\SportsData.obj
         Debug.win32\SelfBagData.obj
         Debug.win32\SettingData.obj
         Debug.win32\ShopData.obj
         Debug.win32\WalkMapData.obj
         Debug.win32\WoodData.obj
         Debug.win32\EventSystem.obj
         Debug.win32\Game.obj
         Debug.win32\GameHelper.obj
         Debug.win32\MainGame.obj
         Debug.win32\SendPacket.obj
         Debug.win32\ResourceCheck.obj
         Debug.win32\ResourceSystem.obj
         Debug.win32\InputStream.obj
         Debug.win32\OutputStream.obj
         Debug.win32\Socket.obj
         Debug.win32\SocketClient.obj
         Debug.win32\SocketInterface.obj
         Debug.win32\SocketServer.obj
         Debug.win32\SocketStream.obj
         Debug.win32\NetworkSystem.obj
         Debug.win32\PacketClientFactoryManager.obj
         Debug.win32\PacketExecute.obj
         Debug.win32\Item.obj
         Debug.win32\ItemCommon.obj
         Debug.win32\ItemEquip.obj
         Debug.win32\ItemGem.obj
         Debug.win32\ItemTask.obj
         Debug.win32\MonsterData.obj
         Debug.win32\Object.obj
         Debug.win32\ObjectFarmer.obj
         Debug.win32\ObjectManager.obj
         Debug.win32\ObjectMonster.obj
         Debug.win32\ObjectPlayer.obj
         Debug.win32\ObjectSelf.obj
         Debug.win32\ObjectSkill.obj
         Debug.win32\PlayerData.obj
         Debug.win32\ObjectHero.obj
         Debug.win32\GCArenaAskEnterRetPacketHandler.obj
         Debug.win32\GCChatPacketHandler.obj
         Debug.win32\GCCopySceneHandler.obj
         Debug.win32\GCFightInfoPacketHandler.obj
         Debug.win32\GCGameResultPacketHandler.obj
         Debug.win32\GCHeroDeletePacketHandler.obj
         Debug.win32\GCHeroDetailAttrPacketHandler.obj
         Debug.win32\GCHeroPosChangePacketHandler.obj
         Debug.win32\GCHuoDongPacketHandler.obj
         Debug.win32\GCItemDeletePacketHandler.obj
         Debug.win32\GCItemInfoPacketHandler.obj
         Debug.win32\GCItemPosChangePacketHandler.obj
         Debug.win32\GCMailHandler.obj
         Debug.win32\GCNewHeroListPacketHandler.obj
         Debug.win32\GCNewItemListPacketHandler.obj
         Debug.win32\GCQuestPacketHandler.obj
         Debug.win32\GCQujingHandler.obj
         Debug.win32\GCRetEnterScenePacketHandler.obj
         Debug.win32\GCRetHumanDetailAttrPacketHandler.obj
         Debug.win32\GCRetUserDataReadyPacketHandler.obj
         Debug.win32\GCStairHandler.obj
         Debug.win32\GCSwapItemPacketHandler.obj
         Debug.win32\GCTimePacketHandler.obj
         Debug.win32\GCRetRolelistPacketHandler.obj
         Debug.win32\GCWoodRetEnterPacketHandler.obj
         Debug.win32\GCWoodRetRobObjPacketHandler.obj
         Debug.win32\GCWoodRobPrizePacketHandler.obj
         Debug.win32\SoundSystem.obj
         Debug.win32\SystemTimer.obj
         Debug.win32\achievementUI.obj
         Debug.win32\achievementUIView.obj
         Debug.win32\ActivitiesUI.obj
         Debug.win32\ActivitiesUView.obj
         Debug.win32\altarUI.obj
         Debug.win32\altarUView.obj
         Debug.win32\bagOwnUI.obj
         Debug.win32\bagOwnUView.obj
         Debug.win32\battleFieldUI.obj
         Debug.win32\battleFieldUIView.obj
         Debug.win32\ChatMessageUI.obj
         Debug.win32\ChatMessageUIView.obj
         Debug.win32\cheeseActivityUI.obj
         Debug.win32\cheeseActivityUIView.obj
         Debug.win32\ActivityView.obj
         Debug.win32\CCMenuEx.obj
         Debug.win32\CCScrollViewEx.obj
         Debug.win32\gameIntroduceLayer.obj
         Debug.win32\guidelinesLayer.obj
         Debug.win32\LogicTouchItem.obj
         Debug.win32\mainNavgView.obj
         Debug.win32\mainSatusView.obj
         Debug.win32\ModalDialogView.obj
         Debug.win32\ProgressView.obj
         Debug.win32\SkillAnimation.obj
         Debug.win32\FightTips.obj
         Debug.win32\equipmentAllUI.obj
         Debug.win32\equipmentAllUIView.obj
         Debug.win32\equipmentInspectUI.obj
         Debug.win32\equipmentInspectUIView.obj
         Debug.win32\equipmentSellUI.obj
         Debug.win32\equipmentSellUIView.obj
         Debug.win32\EscortWoodUI.obj
         Debug.win32\EscortWoodUIView.obj
         Debug.win32\fightResultUI.obj
         Debug.win32\fightResultUView.obj
         Debug.win32\giftDetailUI.obj
         Debug.win32\giftDetailUIView.obj
         Debug.win32\heroBaseActivityUI.obj
         Debug.win32\heroBaseActivityUIView.obj
         Debug.win32\heroBaseWoodPVPUIViewHandle.obj
         Debug.win32\heroBookUI.obj
         Debug.win32\heroBookUView.obj
         Debug.win32\HeroEquipUI.obj
         Debug.win32\HeroEquipUIView.obj
         Debug.win32\heroEvolveUI.obj
         Debug.win32\heroEvolveUView.obj
         Debug.win32\heroFightChooseUI.obj
         Debug.win32\heroFightChooseUView.obj
         Debug.win32\heroInfoUI.obj
         Debug.win32\heroInfoUView.obj
         Debug.win32\heroUpgradeUI.obj
         Debug.win32\heroUpgradeUIView.obj
         Debug.win32\heroWoodFightChooseUI.obj
         Debug.win32\heroWoodFightChooseUView.obj
         Debug.win32\levelListUI.obj
         Debug.win32\levelListUView.obj
         Debug.win32\loadDistributeUI.obj
         Debug.win32\loadDistributeUView.obj
         Debug.win32\loginUi.obj
         Debug.win32\loginView.obj
         Debug.win32\logoUi.obj
         Debug.win32\logoView.obj
         Debug.win32\mainPageUI.obj
         Debug.win32\mainPageUView.obj
         Debug.win32\heroRecruitUI.obj
         Debug.win32\heroRecruitUView.obj
         Debug.win32\messageUI.obj
         Debug.win32\messageUView.obj
         Debug.win32\NoticeUi.obj
         Debug.win32\NoticeUIView.obj
         Debug.win32\OtherheroInfoUI.obj
         Debug.win32\otherheroInfoUView.obj
         Debug.win32\placardUI.obj
         Debug.win32\placardUIView.obj
         Debug.win32\rankListUI.obj
         Debug.win32\rankListUView.obj
         Debug.win32\rechargeUI.obj
         Debug.win32\rechargeUIView.obj
         Debug.win32\SceneManger.obj
         Debug.win32\secretStoreUI.obj
         Debug.win32\secretStoreUIView.obj
         Debug.win32\selectRoleUi.obj
         Debug.win32\selectRoleView.obj
         Debug.win32\settingUI.obj
         Debug.win32\settingUView.obj
         Debug.win32\skillInspectUI.obj
         Debug.win32\skillInspectUIView.obj
         Debug.win32\SkillUpgradeEquiUI.obj
         Debug.win32\SkillUpgradeEquiUIView.obj
         Debug.win32\taskInfoUI.obj
         Debug.win32\taskInfoUIView.obj
         Debug.win32\teamListUI.obj
         Debug.win32\teamListUIView.obj
         Debug.win32\TipUi.obj
         Debug.win32\TipUiView.obj
         Debug.win32\ui.obj
         Debug.win32\UISystem.obj
         Debug.win32\UpdataUi.obj
         Debug.win32\UpdataView.obj
         Debug.win32\userInfoUI.obj
         Debug.win32\userInfoUIView.obj
         Debug.win32\userLoginUI.obj
         Debug.win32\userLoginUIView.obj
         Debug.win32\UserUpgradeUI.obj
         Debug.win32\UserUpgradeUIUView.obj
         Debug.win32\WoodShiZheUI.obj
         Debug.win32\WoodShiZheUIView.obj
         Debug.win32\main.obj
         DotaClient.win32.vcxproj -> E:\CardGame\client\DotaClient\proj.win32\..\..\..\gameres\Client\DotaClient.win32.exe
     1>已完成生成项目“E:\CardGame\client\DotaClient\proj.win32\DotaClient.win32.vcxproj”(Build 个目标)的操作。

生成成功。

已用时间 00:00:47.66
