E:\DOTA1.1\CLIENT\DOTACLIENT\LIBS\COCOSDENSHION\PROJ.WIN32\DEBUG.WIN32\MCIPLAYER.OBJ
E:\DOTA1.1\CLIENT\DOTACLIENT\LIBS\COCOSDENSHION\PROJ.WIN32\DEBUG.WIN32\SIMPLEAUDIOENGINE.OBJ
E:\DOTA1.1\CLIENT\DOTACLIENT\LIBS\COCOSDENSHION\PROJ.WIN32\DEBUG.WIN32\VC110.PDB
E:\dota1.1\client\DotaClient\libs\CocosDenshion\proj.win32\Debug.win32\libCocosDenshion.lib
E:\dota1.1\client\DotaClient\libs\CocosDenshion\proj.win32\Debug.win32\libCocosDenshion.exp
E:\DOTA1.1\CLIENT\DOTACLIENT\LIBS\COCOSDENSHION\PROJ.WIN32\DEBUG.WIN32\LIBCOCOSDENSHION.DLL
E:\DOTA1.1\CLIENT\DOTACLIENT\LIBS\COCOSDENSHION\PROJ.WIN32\DEBUG.WIN32\LIBCOCOSDENSHION.PDB
E:\dota1.1\client\DotaClient\libs\CocosDenshion\proj.win32\Debug.win32\MciPlayer.obj
E:\dota1.1\client\DotaClient\libs\CocosDenshion\proj.win32\Debug.win32\SimpleAudioEngine.obj
E:\dota1.1\client\DotaClient\libs\CocosDenshion\proj.win32\Debug.win32\cl.command.1.tlog
E:\dota1.1\client\DotaClient\libs\CocosDenshion\proj.win32\Debug.win32\CL.read.1.tlog
E:\dota1.1\client\DotaClient\libs\CocosDenshion\proj.win32\Debug.win32\CL.write.1.tlog
E:\dota1.1\client\DotaClient\libs\CocosDenshion\proj.win32\Debug.win32\libCocosDenshion.write.1.tlog
E:\dota1.1\client\DotaClient\libs\CocosDenshion\proj.win32\Debug.win32\link-cvtres.read.1.tlog
E:\dota1.1\client\DotaClient\libs\CocosDenshion\proj.win32\Debug.win32\link-cvtres.write.1.tlog
E:\dota1.1\client\DotaClient\libs\CocosDenshion\proj.win32\Debug.win32\link-rc.read.1.tlog
E:\dota1.1\client\DotaClient\libs\CocosDenshion\proj.win32\Debug.win32\link-rc.write.1.tlog
E:\dota1.1\client\DotaClient\libs\CocosDenshion\proj.win32\Debug.win32\link.command.1.tlog
E:\dota1.1\client\DotaClient\libs\CocosDenshion\proj.win32\Debug.win32\link.read.1.tlog
E:\dota1.1\client\DotaClient\libs\CocosDenshion\proj.win32\Debug.win32\link.write.1.tlog
E:\dota1.1\client\DotaClient\libs\CocosDenshion\proj.win32\Debug.win32\libcocos2d.exp
E:\dota1.1\client\DotaClient\libs\CocosDenshion\proj.win32\Debug.win32\vc110.idb
E:\dota1.1\client\DotaClient\libs\CocosDenshion\proj.win32\Debug.win32\libcocos2d.pdb
E:\dota1.1\client\DotaClient\libs\CocosDenshion\proj.win32\Debug.win32\libCocosDenshion.pdb
E:\dota1.1\client\DotaClient\libs\CocosDenshion\proj.win32\Debug.win32\vc110.pdb
E:\dota1.1\client\DotaClient\libs\CocosDenshion\proj.win32\Debug.win32\libCocosDenshion.dll
